connected to: /dev/ttyUSB4
1.35978178978
[0.0, 0.10000000149011612]
1.2253992033
[0.0, 0.10000000149011612]
1.10446598577
[0.0, 0.10000000149011612]
0.99407498641
[0.0, 0.10000000149011612]
0.896203499465
[0.0, 0.10000000149011612]
0.806657154645
[0.0, 0.10000000149011612]
0.727531027155
[0.0, 0.10000000149011612]
0.654835431001
[0.0, 0.10000000149011612]
0.590878601272
[0.0, 0.10000000149011612]
0.531850441157
[0.0, 0.10000000149011612]
0.480186388367
[0.0, 0.10000000149011612]
0.433750038272
[0.0, 0.10000000149011612]
0.390437643164
[0.0, 0.10000000149011612]
0.352932966143
[0.0, 0.10000000149011612]
0.317693766704
[0.0, 0.10000000149011612]
0.287488988117
[0.0, 0.10000000149011612]
0.258795283207
[0.0, 0.10000000149011612]
0.234480066867
[0.0, 0.10000000149011612]
0.211093476807
[0.0, 0.10000000149011612]
0.191446445639
[0.0, 0.10000000149011612]
0.172343119015
[0.0, 0.10000000149011612]
0.156681201484
[0.0, 0.10000000149011612]
0.141053874755
[0.0, 0.10000000149011612]
0.128537284849
[0.0, 0.10000000149011612]
0.115747571752
[0.0, 0.10000000149011612]
0.105698717325
[0.0, 0.10000000149011612]
0.0951952451669
[0.0, 0.10000000149011612]
0.0871709389272
[0.0, 0.10000000149011612]
0.0785246553524
[0.0, 0.10000000149011612]
0.0722269888971
[0.0, 0.10000000149011612]
0.065068782233
[0.0, 0.10000000149011612]
0.0600884028043
[0.0, 0.10000000149011612]
0.0541324676066
[0.0, 0.10000000149011612]
0.0502660329034
[0.0, 0.10000000149011612]
0.0453067351779
[0.0, 0.10000000149011612]
0.0423257585824
[0.0, 0.10000000149011612]
0.0381561729128
[0.0, 0.10000000149011612]
0.0358471464647
[0.0, 0.10000000149011612]
0.0323373190939
[0.0, 0.10000000149011612]
0.0306686859471
[0.0, 0.10000000149011612]
0.0276766092606
[0.0, 0.10000000149011612]
0.0263851408089
[0.0, 0.10000000149011612]
0.023794620388
[0.0, 0.10000000149011612]
0.0229806624233
[0.0, 0.10000000149011612]
0.0207395066958
[0.0, 0.10000000149011612]
0.0187250653036
[0.0, 0.10000000149011612]
0.0182827603037
[0.0, 0.10000000149011612]
0.0165223858846
[0.0, 0.10000000149011612]
0.0164337440216
[0.0, 0.10000000149011612]
0.0148585573331
[0.0, 0.10000000149011612]
0.0149043979194
[0.0, 0.10000000149011612]
0.0134679599356
[0.0, 0.10000000149011612]
0.0136832586304
[0.0, 0.10000000149011612]
0.0123752288261
[0.0, 0.10000000149011612]
0.0126495181535
[0.0, 0.10000000149011612]
0.0114579754187
[0.0, 0.10000000149011612]
0.011849477033
[0.0, 0.10000000149011612]
0.0107410140099
[0.0, 0.10000000149011612]
0.012702124172
[0.0, 0.10000000149011612]
0.0115017207148
[0.0, 0.10000000149011612]
0.0119334559156
[0.0, 0.10000000149011612]
0.0108036965591
[0.0, 0.10000000149011612]
0.00977992747388
[0.0, 0.10000000149011612]
0.0102768397405
[0.0, 0.10000000149011612]
0.00930854583453
[0.0, 0.10000000149011612]
0.00993659113053
[0.0, 0.10000000149011612]
0.00900244129482
[0.0, 0.10000000149011612]
0.00962199639782
[0.0, 0.10000000149011612]
0.00872760300194
[0.0, 0.10000000149011612]
0.00934903577883
[0.0, 0.10000000149011612]
0.00846722801851
[0.0, 0.10000000149011612]
0.00922301185424
[0.0, 0.10000000149011612]
0.00837891196276
[0.0, 0.10000000149011612]
0.00902310217975
[0.0, 0.10000000149011612]
0.00821029429637
[0.0, 0.10000000149011612]
0.00745716647806
[0.0, 0.10000000149011612]
0.00814825555535
[0.0, 0.10000000149011612]
0.00739823216962
[0.0, 0.10000000149011612]
0.00822369845003
[0.0, 0.10000000149011612]
0.00747924379668
[0.0, 0.10000000149011612]
0.00825321673299
[0.0, 0.10000000149011612]
0.00751179455768
[0.0, 0.10000000149011612]
0.00825201868162
[0.0, 0.10000000149011612]
0.00747800528239
[0.0, 0.10000000149011612]
0.00829382532147
[0.0, 0.10000000149011612]
0.00752004200197
[0.0, 0.10000000149011612]
0.00830652905086
[0.0, 0.10000000149011612]
0.00756277971786
[0.0, 0.10000000149011612]
0.00829099118699
[0.0, 0.10000000149011612]
0.00754219144573
[0.0, 0.10000000149011612]
0.0083237694203
[0.0, 0.10000000149011612]
0.0075621789544
[0.0, 0.10000000149011612]
0.00829796068512
[0.0, 0.10000000149011612]
0.00900067155936
[0.0, 0.10000000149011612]
0.00815610824864
[0.0, 0.10000000149011612]
0.00738830034889
[0.0, 0.10000000149011612]
0.00817987917325
[0.0, 0.10000000149011612]
0.0089565777641
[0.0, 0.10000000149011612]
0.00810030673696
[0.0, 0.10000000149011612]
0.00887566424686
[0.0, 0.10000000149011612]
0.00805421129416
[0.0, 0.10000000149011612]
0.00877876987055
[0.0, 0.10000000149011612]
0.00795799413319
[0.0, 0.10000000149011612]
0.0086767010599
[0.0, 0.10000000149011612]
0.00786203140404
[0.0, 0.10000000149011612]
0.00863181943643
[0.0, 0.10000000149011612]
0.00933473761333
[0.0, 0.10000000149011612]
0.00846046318519
[0.0, 0.10000000149011612]
0.00918693044699
[0.0, 0.10000000149011612]
0.00833103685603
[0.0, 0.10000000149011612]
0.00904493596278
[0.0, 0.10000000149011612]
0.00819914102068
[0.0, 0.10000000149011612]
0.00743301415006
[0.0, 0.10000000149011612]
0.00675351354682
[0.0, 0.10000000149011612]
0.00746826171759
[0.0, 0.10000000149011612]
0.00678373432055
[0.0, 0.10000000149011612]
0.00764635553266
[0.0, 0.10000000149011612]
0.00848751679336
[0.0, 0.10000000149011612]
0.0077063567812
[0.0, 0.10000000149011612]
0.00844703263415
[0.0, 0.10000000149011612]
0.0092108441565
[0.0, 0.10000000149011612]
0.00836386023523
[0.0, 0.10000000149011612]
0.00908286933805
[0.0, 0.10000000149011612]
0.00823368637001
[0.0, 0.10000000149011612]
0.00747380860062
[0.0, 0.10000000149011612]
0.00814792699288
[0.0, 0.10000000149011612]
0.00893685686592
[0.0, 0.10000000149011612]
0.00810198904279
[0.0, 0.10000000149011612]
0.00884708989742
[0.0, 0.10000000149011612]
0.00802596714273
[0.0, 0.10000000149011612]
0.00873406207121
[0.0, 0.10000000149011612]
0.00795044430098
[0.0, 0.10000000149011612]
0.0086643033743
[0.0, 0.10000000149011612]
0.00784999133826
[0.0, 0.10000000149011612]
0.00859969259811
[0.0, 0.10000000149011612]
0.00780202211302
[0.0, 0.10000000149011612]
0.00854512388732
[0.0, 0.10000000149011612]
0.00928310455583
[0.0, 0.10000000149011612]
0.0099080911431
[0.0, 0.10000000149011612]
0.00896017353117
[0.0, 0.10000000149011612]
0.00968657076698
[0.0, 0.10000000149011612]
0.00877902037211
[0.0, 0.10000000149011612]
0.00941531473077
[0.0, 0.10000000149011612]
0.00851610255548
[0.0, 0.10000000149011612]
0.00922470348158
[0.0, 0.10000000149011612]
0.00835082283984
[0.0, 0.10000000149011612]
0.00906193272504
[0.0, 0.10000000149011612]
0.00819555535525
[0.0, 0.10000000149011612]
0.00896730078408
[0.0, 0.10000000149011612]
0.00813599276378
[0.0, 0.10000000149011612]
0.00883129699082
[0.0, 0.10000000149011612]
0.00801165815935
[0.0, 0.10000000149011612]
0.00876839086484
[0.0, 0.10000000149011612]
0.00795325450663
[0.0, 0.10000000149011612]
0.0086661411455
[0.0, 0.10000000149011612]
0.00786902604676
[0.0, 0.10000000149011612]
0.00860743014374
[0.0, 0.10000000149011612]
0.00780369301163
[0.0, 0.10000000149011612]
0.00858482235244
[0.0, 0.10000000149011612]
0.00778434735749
[0.0, 0.10000000149011612]
0.00851061995817
[0.0, 0.10000000149011612]
0.00771243920319
[0.0, 0.10000000149011612]
0.0085205037927
[0.0, 0.10000000149011612]
0.00772846336979
[0.0, 0.10000000149011612]
0.0084556990488
[0.0, 0.10000000149011612]
0.00766441705438
[0.0, 0.10000000149011612]
0.0084648622508
[0.0, 0.10000000149011612]
0.00768468023257
[0.0, 0.10000000149011612]
0.00698110974654
[0.0, 0.10000000149011612]
0.00771660968803
[0.0, 0.10000000149011612]
0.00704115061589
[0.0, 0.10000000149011612]
0.00785282935466
[0.0, 0.10000000149011612]
0.00712104754834
[0.0, 0.10000000149011612]
0.00797783241143
[0.0, 0.10000000149011612]
0.00725014423254
[0.0, 0.10000000149011612]
0.00803393794527
[0.0, 0.10000000149011612]
0.00729682451574
[0.0, 0.10000000149011612]
0.00809445148189
[0.0, 0.10000000149011612]
0.00888841896187
[0.0, 0.10000000149011612]
0.00808147384761
[0.0, 0.10000000149011612]
0.00877173954878
[0.0, 0.10000000149011612]
0.00795545769901
[0.0, 0.10000000149011612]
0.00870040589426
[0.0, 0.10000000149011612]
0.00793135941494
[0.0, 0.10000000149011612]
0.00863942605676
[0.0, 0.10000000149011612]
0.00786028893967
[0.0, 0.10000000149011612]
0.0086102478997
[0.0, 0.10000000149011612]
0.00783913075591
[0.0, 0.10000000149011612]
0.00854631131588
[0.0, 0.10000000149011612]
0.00774336933224
[0.0, 0.10000000149011612]
0.00851994525607
[0.0, 0.10000000149011612]
0.00774615202441
[0.0, 0.10000000149011612]
0.0084378349253
[0.0, 0.10000000149011612]
0.00765563495175
[0.0, 0.10000000149011612]
0.00839856964841
[0.0, 0.10000000149011612]
0.0076040122136
[0.0, 0.10000000149011612]
0.00841531394939
[0.0, 0.10000000149011612]
0.00761948739607
[0.0, 0.10000000149011612]
0.00842394872116
[0.0, 0.10000000149011612]
0.0076367477501
[0.0, 0.10000000149011612]
0.00838939129632
[0.0, 0.10000000149011612]
0.0076059560119
[0.0, 0.10000000149011612]
0.00840006412318
[0.0, 0.10000000149011612]
0.00760454661772
[0.0, 0.10000000149011612]
0.00690598541908
[0.0, 0.10000000149011612]
0.00770998526585
[0.0, 0.10000000149011612]
0.00848339076911
[0.0, 0.10000000149011612]
0.00769813724823
[0.0, 0.10000000149011612]
0.00853571774185
[0.0, 0.10000000149011612]
0.00773884190578
[0.0, 0.10000000149011612]
0.0084879755985
[0.0, 0.10000000149011612]
0.00770238280397
[0.0, 0.10000000149011612]
0.00848284280391
[0.0, 0.10000000149011612]
0.00770927890621
[0.0, 0.10000000149011612]
0.00847395739986
[0.0, 0.10000000149011612]
0.00770225955874
[0.0, 0.10000000149011612]
0.00835465342251
[0.0, 0.10000000149011612]
0.00758630291027
[0.0, 0.10000000149011612]
0.00835848679008
[0.0, 0.10000000149011612]
0.00759135034557
[0.0, 0.10000000149011612]
0.00838250827977
[0.0, 0.10000000149011612]
0.00763004045655
[0.0, 0.10000000149011612]
0.00694683510932
[0.0, 0.10000000149011612]
0.00772564994281
[0.0, 0.10000000149011612]
0.00701917457866
[0.0, 0.10000000149011612]
0.00787835045117
[0.0, 0.10000000149011612]
0.00716940811388
[0.0, 0.10000000149011612]
0.00953645930689
[0.0, 0.10000000149011612]
0.00865619861485
[0.0, 0.10000000149011612]
0.00927049055756
[0.0, 0.10000000149011612]
0.00841193915958
[0.0, 0.10000000149011612]
0.00766775776346
[0.0, 0.10000000149011612]
0.00837247761547
[0.0, 0.10000000149011612]
0.00761402719432
[0.0, 0.10000000149011612]
0.0083095288862
[0.0, 0.10000000149011612]
0.00755997210049
[0.0, 0.10000000149011612]
0.00832797028991
[0.0, 0.10000000149011612]
0.0075654828999
[0.0, 0.10000000149011612]
0.00686403314354
[0.0, 0.10000000149011612]
0.00771423757149
[0.0, 0.10000000149011612]
0.00701920312709
[0.0, 0.10000000149011612]
0.00777747740209
[0.0, 0.10000000149011612]
0.0070453152942
[0.0, 0.10000000149011612]
0.00792967670149
[0.0, 0.10000000149011612]
0.0072065179913
[0.0, 0.10000000149011612]
0.00802776682694
[0.0, 0.10000000149011612]
0.0072920811324
[0.0, 0.10000000149011612]
0.0080653630628
[0.0, 0.10000000149011612]
0.0073068204165
[0.0, 0.10000000149011612]
0.00812583529715
[0.0, 0.10000000149011612]
0.00888457325486
[0.0, 0.10000000149011612]
0.00804041410137
[0.0, 0.10000000149011612]
0.00880137608631
[0.0, 0.10000000149011612]
0.00797633701131
[0.0, 0.10000000149011612]
0.00871850586145
[0.0, 0.10000000149011612]
0.00791145744511
[0.0, 0.10000000149011612]
0.00865880294968
[0.0, 0.10000000149011612]
0.00784692446288
[0.0, 0.10000000149011612]
0.00865224552062
[0.0, 0.10000000149011612]
0.00786422090447
[0.0, 0.10000000149011612]
0.00852790829583
[0.0, 0.10000000149011612]
0.00773450753431
[0.0, 0.10000000149011612]
0.00856075007921
[0.0, 0.10000000149011612]
0.00777436482196
[0.0, 0.10000000149011612]
0.00845471489983
[0.0, 0.10000000149011612]
0.00765223027966
[0.0, 0.10000000149011612]
0.00846221496196
[0.0, 0.10000000149011612]
0.00767919823108
[0.0, 0.10000000149011612]
0.00842168394844
[0.0, 0.10000000149011612]
0.00763430414307
[0.0, 0.10000000149011612]
0.0083686669264
[0.0, 0.10000000149011612]
0.00915190216247
[0.0, 0.10000000149011612]
0.00833181711743
[0.0, 0.10000000149011612]
0.00757833873668
[0.0, 0.10000000149011612]
0.0068897893021
[0.0, 0.10000000149011612]
0.00760590642596
[0.0, 0.10000000149011612]
0.00692311176573
[0.0, 0.10000000149011612]
0.00775889678819
[0.0, 0.10000000149011612]
0.0070609938266
[0.0, 0.10000000149011612]
0.0078762910809
[0.0, 0.10000000149011612]
0.00718226510696
[0.0, 0.10000000149011612]
0.00795494149696
[0.0, 0.10000000149011612]
0.00722074476395
[0.0, 0.10000000149011612]
0.00802955598397
[0.0, 0.10000000149011612]
0.00729850742903
[0.0, 0.10000000149011612]
0.0080840451749
[0.0, 0.10000000149011612]
0.00734473436163
[0.0, 0.10000000149011612]
0.0081196651079
[0.0, 0.10000000149011612]
0.00738239513794
[0.0, 0.10000000149011612]
0.00816805565619
[0.0, 0.10000000149011612]
0.00742446843622
[0.0, 0.10000000149011612]
0.0081874203429
[0.0, 0.10000000149011612]
0.00744137213338
[0.0, 0.10000000149011612]
0.00821903686859
[0.0, 0.10000000149011612]
0.00744083530728
[0.0, 0.10000000149011612]
0.00825074023328
[0.0, 0.10000000149011612]
0.00902736222435
[0.0, 0.10000000149011612]
0.00817831786593
[0.0, 0.10000000149011612]
0.00889869122613
[0.0, 0.10000000149011612]
0.00806182255365
[0.0, 0.10000000149011612]
0.00878774192945
[0.0, 0.10000000149011612]
0.00952935576751
[0.0, 0.10000000149011612]
0.00864272439761
[0.0, 0.10000000149011612]
0.00783555320754
[0.0, 0.10000000149011612]
0.0101241881715
[0.0, 0.10000000149011612]
0.00917685762646
[0.0, 0.10000000149011612]
0.00831667842509
[0.0, 0.10000000149011612]
0.00898211236634
[0.0, 0.10000000149011612]
0.00814081164453
[0.0, 0.10000000149011612]
0.00883572935093
[0.0, 0.10000000149011612]
0.00954124008741
[0.0, 0.10000000149011612]
0.00864090331011
[0.0, 0.10000000149011612]
0.00931990570676
[0.0, 0.10000000149011612]
0.00843509817289
[0.0, 0.10000000149011612]
0.00763779387623
[0.0, 0.10000000149011612]
0.00692022000924
[0.0, 0.10000000149011612]
0.0093063010738
[0.0, 0.10000000149011612]
0.00995207076959
[0.0, 0.10000000149011612]
0.00901837568604
[0.0, 0.10000000149011612]
0.00818153102209
[0.0, 0.10000000149011612]
0.00884257446835
[0.0, 0.10000000149011612]
0.00802521727481
[0.0, 0.10000000149011612]
0.00868238945602
[0.0, 0.10000000149011612]
0.00790744370042
[0.0, 0.10000000149011612]
0.0086666108294
[0.0, 0.10000000149011612]
0.00788694868597
[0.0, 0.10000000149011612]
0.00719157084924
[0.0, 0.10000000149011612]
0.00792810224088
[0.0, 0.10000000149011612]
0.00720469566517
[0.0, 0.10000000149011612]
0.00798902880251
[0.0, 0.10000000149011612]
0.0072704252997
[0.0, 0.10000000149011612]
0.00807088292232
[0.0, 0.10000000149011612]
0.00732769080928
[0.0, 0.10000000149011612]
0.00814523853896
[0.0, 0.10000000149011612]
0.00743161342774
[0.0, 0.10000000149011612]
0.00815026791901
[0.0, 0.10000000149011612]
0.00741394310007
[0.0, 0.10000000149011612]
0.00818486167917
[0.0, 0.10000000149011612]
0.00744257408913
[0.0, 0.10000000149011612]
0.00821232234123
[0.0, 0.10000000149011612]
0.00901267023101
[0.0, 0.10000000149011612]
0.00818280957235
[0.0, 0.10000000149011612]
0.00888344569885
[0.0, 0.10000000149011612]
0.00807871452466
[0.0, 0.10000000149011612]
0.00733185438658
[0.0, 0.10000000149011612]
0.00804095830034
[0.0, 0.10000000149011612]
0.00879876642386
[0.0, 0.10000000149011612]
0.0079858854022
[0.0, 0.10000000149011612]
0.00870549868998
[0.0, 0.10000000149011612]
0.00787755422107
[0.0, 0.10000000149011612]
0.00862440382521
[0.0, 0.10000000149011612]
0.00933307035339
[0.0, 0.10000000149011612]
0.00846246740436
[0.0, 0.10000000149011612]
0.00767122383012
[0.0, 0.10000000149011612]
0.00840070255185
[0.0, 0.10000000149011612]
0.00920452839957
[0.0, 0.10000000149011612]
0.00834518224143
[0.0, 0.10000000149011612]
0.00757477477321
[0.0, 0.10000000149011612]
0.00823648388799
[0.0, 0.10000000149011612]
0.00899154796257
[0.0, 0.10000000149011612]
0.00815907884289
[0.0, 0.10000000149011612]
0.00891816409214
[0.0, 0.10000000149011612]
0.00811554007337
[0.0, 0.10000000149011612]
0.00878268193548
[0.0, 0.10000000149011612]
0.00796192030321
[0.0, 0.10000000149011612]
0.00721403187702
[0.0, 0.10000000149011612]
0.00804332696965
[0.0, 0.10000000149011612]
0.00731168809745
[0.0, 0.10000000149011612]
0.00808532199156
[0.0, 0.10000000149011612]
0.00732797826134
[0.0, 0.10000000149011612]
0.00664498607638
[0.0, 0.10000000149011612]
0.00903560698321
[0.0, 0.10000000149011612]
0.00819975716135
[0.0, 0.10000000149011612]
0.00893558188314
[0.0, 0.10000000149011612]
0.00812792590888
[0.0, 0.10000000149011612]
0.00738272498517
[0.0, 0.10000000149011612]
0.00809375134529
[0.0, 0.10000000149011612]
0.00736808497389
[0.0, 0.10000000149011612]
0.00812697159063
[0.0, 0.10000000149011612]
0.00736698877941
[0.0, 0.10000000149011612]
0.00668808256504
[0.0, 0.10000000149011612]
0.00749906690345
[0.0, 0.10000000149011612]
0.00680945627176
[0.0, 0.10000000149011612]
0.0076796142365
[0.0, 0.10000000149011612]
0.00697345090855
[0.0, 0.10000000149011612]
0.0078083028163
[0.0, 0.10000000149011612]
0.0071003570943
[0.0, 0.10000000149011612]
0.00791822684904
[0.0, 0.10000000149011612]
0.00873201024324
[0.0, 0.10000000149011612]
0.00790930627397
[0.0, 0.10000000149011612]
0.00858417307089
[0.0, 0.10000000149011612]
0.00777787406519
[0.0, 0.10000000149011612]
0.00855538641758
[0.0, 0.10000000149011612]
0.00773732717646
[0.0, 0.10000000149011612]
0.00854118635487
[0.0, 0.10000000149011612]
0.00773797008602
[0.0, 0.10000000149011612]
0.00850917315371
[0.0, 0.10000000149011612]
0.00769604518313
[0.0, 0.10000000149011612]
0.00848493523269
[0.0, 0.10000000149011612]
0.00768104982557
[0.0, 0.10000000149011612]
0.00846195035143
[0.0, 0.10000000149011612]
0.0092183573213
[0.0, 0.10000000149011612]
0.00833662359417
[0.0, 0.10000000149011612]
0.00909376152009
[0.0, 0.10000000149011612]
0.00824499137089
[0.0, 0.10000000149011612]
0.00897288328605
[0.0, 0.10000000149011612]
0.00814809804735
[0.0, 0.10000000149011612]
0.00883050923566
[0.0, 0.10000000149011612]
0.00798376946169
[0.0, 0.10000000149011612]
0.0087485839294
[0.0, 0.10000000149011612]
0.00947091543972
[0.0, 0.10000000149011612]
0.00858571735888
[0.0, 0.10000000149011612]
0.0092744583595
[0.0, 0.10000000149011612]
0.00839402866735
[0.0, 0.10000000149011612]
0.00910882883406
[0.0, 0.10000000149011612]
0.00826553761783
[0.0, 0.10000000149011612]
0.00750738614639
[0.0, 0.10000000149011612]
0.00820716232515
[0.0, 0.10000000149011612]
0.00743923196605
[0.0, 0.10000000149011612]
0.00822831639121
[0.0, 0.10000000149011612]
0.00744906766835
[0.0, 0.10000000149011612]
0.00825786325594
[0.0, 0.10000000149011612]
0.00751557111675
[0.0, 0.10000000149011612]
0.00828800940455
[0.0, 0.10000000149011612]
0.00752241322942
[0.0, 0.10000000149011612]
0.00829867341709
[0.0, 0.10000000149011612]
0.0075332029336
[0.0, 0.10000000149011612]
0.00830058786332
[0.0, 0.10000000149011612]
0.00908493280166
[0.0, 0.10000000149011612]
0.00823954891938
[0.0, 0.10000000149011612]
0.01053010361
[0.0, 0.10000000149011612]
0.0095193887049
[0.0, 0.10000000149011612]
0.00862195232159
[0.0, 0.10000000149011612]
0.00781306748372
[0.0, 0.10000000149011612]
0.0084905724953
[0.0, 0.10000000149011612]
0.00771263550791
[0.0, 0.10000000149011612]
0.0084623632825
[0.0, 0.10000000149011612]
0.00766524118155
[0.0, 0.10000000149011612]
0.0084463159022
[0.0, 0.10000000149011612]
0.00767146943008
[0.0, 0.10000000149011612]
0.00841301141377
[0.0, 0.10000000149011612]
0.00912751071032
[0.0, 0.10000000149011612]
0.00827405433991
[0.0, 0.10000000149011612]
0.00898485405271
[0.0, 0.10000000149011612]
0.00814707001768
[0.0, 0.10000000149011612]
0.00740608204057
[0.0, 0.10000000149011612]
0.00672708119735
[0.0, 0.10000000149011612]
0.00751108675407
[0.0, 0.10000000149011612]
0.00681967809087
[0.0, 0.10000000149011612]
0.00765779561656
[0.0, 0.10000000149011612]
0.00695841562918
[0.0, 0.10000000149011612]
0.00779977785502
[0.0, 0.10000000149011612]
0.00705458534021
[0.0, 0.10000000149011612]
0.00789701174729
[0.0, 0.10000000149011612]
0.00715921429723
[0.0, 0.10000000149011612]
0.00797270036873
[0.0, 0.10000000149011612]
0.0072239485127
[0.0, 0.10000000149011612]
0.0080482703515
[0.0, 0.10000000149011612]
0.00879705030335
[0.0, 0.10000000149011612]
0.00796095203113
[0.0, 0.10000000149011612]
0.00876486007051
[0.0, 0.10000000149011612]
0.00793047878453
[0.0, 0.10000000149011612]
0.00867711424806
[0.0, 0.10000000149011612]
0.00784521329383
[0.0, 0.10000000149011612]
0.00867280687076
[0.0, 0.10000000149011612]
0.00787903063162
[0.0, 0.10000000149011612]
0.00861242883799
[0.0, 0.10000000149011612]
0.00780518776236
[0.0, 0.10000000149011612]
0.00855338507346
[0.0, 0.10000000149011612]
0.007756626011
[0.0, 0.10000000149011612]
0.0085259634862
[0.0, 0.10000000149011612]
0.00774436819043
[0.0, 0.10000000149011612]
0.00850012565392
[0.0, 0.10000000149011612]
0.00772321222488
[0.0, 0.10000000149011612]
0.00847078560231
[0.0, 0.10000000149011612]
0.00769549487624
[0.0, 0.10000000149011612]
0.00842674266035
[0.0, 0.10000000149011612]
0.00763337335647
[0.0, 0.10000000149011612]
0.00841093529756
[0.0, 0.10000000149011612]
0.00761373462821
[0.0, 0.10000000149011612]
0.00690207143914
[0.0, 0.10000000149011612]
0.0093010776665
[0.0, 0.10000000149011612]
0.00841338456507
[0.0, 0.10000000149011612]
0.00761653501542
[0.0, 0.10000000149011612]
0.0083696739562
[0.0, 0.10000000149011612]
0.00757340461204
[0.0, 0.10000000149011612]
0.00837527397444
[0.0, 0.10000000149011612]
0.00757653727982
[0.0, 0.10000000149011612]
0.00838267101216
[0.0, 0.10000000149011612]
0.00759289824994
[0.0, 0.10000000149011612]
0.00839710978297
[0.0, 0.10000000149011612]
0.00761109066869
[0.0, 0.10000000149011612]
0.00838437205135
[0.0, 0.10000000149011612]
0.0076167451642
[0.0, 0.10000000149011612]
0.00838435893971
[0.0, 0.10000000149011612]
0.00760252361642
[0.0, 0.10000000149011612]
0.00837597029042
[0.0, 0.10000000149011612]
0.00760396221249
[0.0, 0.10000000149011612]
0.00838327317508
[0.0, 0.10000000149011612]
0.00914764323001
[0.0, 0.10000000149011612]
0.00829667971878
[0.0, 0.10000000149011612]
0.0089626114936
[0.0, 0.10000000149011612]
0.00812264097077
[0.0, 0.10000000149011612]
0.00887337755271
[0.0, 0.10000000149011612]
0.00803153006233
[0.0, 0.10000000149011612]
0.00879147310254
[0.0, 0.10000000149011612]
0.0079640387821
[0.0, 0.10000000149011612]
0.00867923253725
[0.0, 0.10000000149011612]
0.00787370342568
[0.0, 0.10000000149011612]
0.0086402261724
[0.0, 0.10000000149011612]
0.00782970468431
[0.0, 0.10000000149011612]
0.00709503782001
[0.0, 0.10000000149011612]
0.00786153577751
[0.0, 0.10000000149011612]
0.00867419334935
[0.0, 0.10000000149011612]
0.00785827242751
[0.0, 0.10000000149011612]
0.00863375309186
[0.0, 0.10000000149011612]
0.00783429780373
[0.0, 0.10000000149011612]
0.00858077620359
[0.0, 0.10000000149011612]
0.0078070033928
[0.0, 0.10000000149011612]
0.00852991366449
[0.0, 0.10000000149011612]
0.00775152347144
[0.0, 0.10000000149011612]
0.00847807438662
[0.0, 0.10000000149011612]
0.00769525985262
[0.0, 0.10000000149011612]
0.00845924216814
[0.0, 0.10000000149011612]
0.00767940758146
[0.0, 0.10000000149011612]
0.00845546554157
[0.0, 0.10000000149011612]
0.00767691460814
[0.0, 0.10000000149011612]
0.00841092640966
[0.0, 0.10000000149011612]
0.00762054540047
[0.0, 0.10000000149011612]
0.00842640296217
[0.0, 0.10000000149011612]
0.00764806415673
[0.0, 0.10000000149011612]
0.00842866312894
[0.0, 0.10000000149011612]
0.00764749954432
[0.0, 0.10000000149011612]
0.00840066531559
[0.0, 0.10000000149011612]
0.00915321105057
[0.0, 0.10000000149011612]
0.00830097550155
[0.0, 0.10000000149011612]
0.00901318389774
[0.0, 0.10000000149011612]
0.00818286656082
[0.0, 0.10000000149011612]
0.00890388177699
[0.0, 0.10000000149011612]
0.00808339792669
[0.0, 0.10000000149011612]
0.00878214965624
[0.0, 0.10000000149011612]
0.00943682310309
[0.0, 0.10000000149011612]
0.00855014667504
[0.0, 0.10000000149011612]
0.0093012149238
[0.0, 0.10000000149011612]
0.00842399851412
[0.0, 0.10000000149011612]
0.00906410922942
[0.0, 0.10000000149011612]
0.00822409788076
[0.0, 0.10000000149011612]
0.00892458676669
[0.0, 0.10000000149011612]
0.00809442686474
[0.0, 0.10000000149011612]
0.00733357388469
[0.0, 0.10000000149011612]
0.00808401452326
[0.0, 0.10000000149011612]
0.0073394138827
[0.0, 0.10000000149011612]
0.00822187893517
[0.0, 0.10000000149011612]
0.00890828460091
[0.0, 0.10000000149011612]
0.00808244904549
[0.0, 0.10000000149011612]
0.00735750759248
[0.0, 0.10000000149011612]
0.00811835793796
[0.0, 0.10000000149011612]
0.00737313629517
[0.0, 0.10000000149011612]
0.00819181383844
[0.0, 0.10000000149011612]
0.0074463276374
[0.0, 0.10000000149011612]
0.00822039738068
[0.0, 0.10000000149011612]
0.00745176340433
[0.0, 0.10000000149011612]
0.00824717639648
[0.0, 0.10000000149011612]
0.00750175677624
[0.0, 0.10000000149011612]
0.00826799478727
[0.0, 0.10000000149011612]
0.00903468972383
[0.0, 0.10000000149011612]
0.00821612160746
[0.0, 0.10000000149011612]
0.00890071882019
[0.0, 0.10000000149011612]
0.0080815526236
[0.0, 0.10000000149011612]
0.00879999152323
[0.0, 0.10000000149011612]
0.00798407928497
[0.0, 0.10000000149011612]
0.00872266056851
[0.0, 0.10000000149011612]
0.00790248897119
[0.0, 0.10000000149011612]
0.00866093563834
[0.0, 0.10000000149011612]
0.00932603771507
[0.0, 0.10000000149011612]
0.00845203723031
[0.0, 0.10000000149011612]
0.00919331841633
[0.0, 0.10000000149011612]
0.00833609461456
[0.0, 0.10000000149011612]
0.00904529177847
[0.0, 0.10000000149011612]
0.00820704296561
[0.0, 0.10000000149011612]
0.00745953317283
[0.0, 0.10000000149011612]
0.00816678877889
[0.0, 0.10000000149011612]
0.00741002448993
[0.0, 0.10000000149011612]
0.00821490426597
[0.0, 0.10000000149011612]
0.00745993262294
[0.0, 0.10000000149011612]
0.0082306391516
[0.0, 0.10000000149011612]
0.00747666894067
[0.0, 0.10000000149011612]
0.00827080731394
[0.0, 0.10000000149011612]
0.00751844696523
[0.0, 0.10000000149011612]
0.00826301263858
[0.0, 0.10000000149011612]
0.00900991636893
[0.0, 0.10000000149011612]
0.00817901979429
[0.0, 0.10000000149011612]
0.00887271544822
[0.0, 0.10000000149011612]
0.00804404719014
[0.0, 0.10000000149011612]
0.00882793936139
[0.0, 0.10000000149011612]
0.00800186520522
[0.0, 0.10000000149011612]
0.00869887583588
[0.0, 0.10000000149011612]
0.00789410036624
[0.0, 0.10000000149011612]
0.00716720368106
[0.0, 0.10000000149011612]
0.00793788146054
[0.0, 0.10000000149011612]
0.0087837932504
[0.0, 0.10000000149011612]
0.00797751170368
[0.0, 0.10000000149011612]
0.00724976022813
[0.0, 0.10000000149011612]
0.00791638576782
[0.0, 0.10000000149011612]
0.00718463793811
[0.0, 0.10000000149011612]
0.00796537401155
[0.0, 0.10000000149011612]
0.00724222184904
[0.0, 0.10000000149011612]
0.00811659623701
[0.0, 0.10000000149011612]
0.00737333890365
[0.0, 0.10000000149011612]
0.00816419657976
[0.0, 0.10000000149011612]
0.00742166283944
[0.0, 0.10000000149011612]
0.00820318201082
[0.0, 0.10000000149011612]
0.00745586757866
[0.0, 0.10000000149011612]
0.00826498453326
[0.0, 0.10000000149011612]
0.00750958250022
[0.0, 0.10000000149011612]
0.00826624029329
[0.0, 0.10000000149011612]
0.00750253492699
[0.0, 0.10000000149011612]
0.00826268697475
[0.0, 0.10000000149011612]
0.00750422452117
[0.0, 0.10000000149011612]
0.00827510333859
[0.0, 0.10000000149011612]
0.00752908447507
[0.0, 0.10000000149011612]
0.00830467753818
[0.0, 0.10000000149011612]
0.00753269386182
[0.0, 0.10000000149011612]
0.00832893066307
[0.0, 0.10000000149011612]
0.00756873142153
[0.0, 0.10000000149011612]
0.00832164393154
[0.0, 0.10000000149011612]
0.0075607905354
[0.0, 0.10000000149011612]
0.00832281794243
[0.0, 0.10000000149011612]
0.00755242961132
[0.0, 0.10000000149011612]
0.00833348444834
[0.0, 0.10000000149011612]
0.00757414113046
[0.0, 0.10000000149011612]
0.00835233340169
[0.0, 0.10000000149011612]
0.00758471557056
[0.0, 0.10000000149011612]
0.00988975586195
[0.0, 0.10000000149011612]
0.00895797689288
[0.0, 0.10000000149011612]
0.00813527833995
[0.0, 0.10000000149011612]
0.00739566026547
[0.0, 0.10000000149011612]
0.00802149359958
[0.0, 0.10000000149011612]
0.00729072676221
[0.0, 0.10000000149011612]
0.00968474673735
[0.0, 0.10000000149011612]
0.00876827115572
[0.0, 0.10000000149011612]
0.00794184572777
[0.0, 0.10000000149011612]
0.00721665949179
[0.0, 0.10000000149011612]
0.00793659148114
[0.0, 0.10000000149011612]
0.00875232926754
[0.0, 0.10000000149011612]
0.00793097893966
[0.0, 0.10000000149011612]
0.00720478129899
[0.0, 0.10000000149011612]
0.00796290367111
[0.0, 0.10000000149011612]
0.00723422881303
[0.0, 0.10000000149011612]
0.00806331619326
[0.0, 0.10000000149011612]
0.00732979760799
[0.0, 0.10000000149011612]
0.00813712107748
[0.0, 0.10000000149011612]
0.00740332687745
[0.0, 0.10000000149011612]
0.00815051154657
[0.0, 0.10000000149011612]
0.00739763995735
[0.0, 0.10000000149011612]
0.00817936796601
[0.0, 0.10000000149011612]
0.00740742211331
[0.0, 0.10000000149011612]
0.00822526983729
[0.0, 0.10000000149011612]
0.0074672350792
[0.0, 0.10000000149011612]
0.00825840677392
[0.0, 0.10000000149011612]
0.0074963669083
[0.0, 0.10000000149011612]
0.00828302801562
[0.0, 0.10000000149011612]
0.00901231379133
[0.0, 0.10000000149011612]
0.00816978106637
[0.0, 0.10000000149011612]
0.0089241006053
[0.0, 0.10000000149011612]
0.00809110445469
[0.0, 0.10000000149011612]
0.00882289328595
[0.0, 0.10000000149011612]
0.00801310704726
[0.0, 0.10000000149011612]
0.00727590709846
[0.0, 0.10000000149011612]
0.00800951233435
[0.0, 0.10000000149011612]
0.00727825085159
[0.0, 0.10000000149011612]
0.00810453343244
[0.0, 0.10000000149011612]
0.00736927730905
[0.0, 0.10000000149011612]
0.00808646449208
[0.0, 0.10000000149011612]
0.00885912926877
[0.0, 0.10000000149011612]
0.00802941160098
[0.0, 0.10000000149011612]
